Determining if the pthread_create exist failed with the following output:
Change Dir: /home/sig972/OS/a6/build/CMakeFiles/CMakeTmp

Run Build Command:"/usr/bin/gmake" "cmTC_7f424/fast"
/usr/bin/gmake -f CMakeFiles/cmTC_7f424.dir/build.make CMakeFiles/cmTC_7f424.dir/build
gmake[1]: Entering directory `/home/sig972/OS/a6/build/CMakeFiles/CMakeTmp'
Building C object CMakeFiles/cmTC_7f424.dir/CheckSymbolExists.c.o
/usr/bin/cc    -o CMakeFiles/cmTC_7f424.dir/CheckSymbolExists.c.o   -c /home/sig972/OS/a6/build/CMakeFiles/CMakeTmp/CheckSymbolExists.c
Linking C executable cmTC_7f424
/usr/bin/cmake3 -E cmake_link_script CMakeFiles/cmTC_7f424.dir/link.txt --verbose=1
/usr/bin/cc      -rdynamic CMakeFiles/cmTC_7f424.dir/CheckSymbolExists.c.o  -o cmTC_7f424 
CMakeFiles/cmTC_7f424.dir/CheckSymbolExists.c.o: In function `main':
CheckSymbolExists.c:(.text+0x16): undefined reference to `pthread_create'
collect2: error: ld returned 1 exit status
gmake[1]: *** [cmTC_7f424] Error 1
gmake[1]: Leaving directory `/home/sig972/OS/a6/build/CMakeFiles/CMakeTmp'
gmake: *** [cmTC_7f424/fast] Error 2

File /home/sig972/OS/a6/build/CMakeFiles/CMakeTmp/CheckSymbolExists.c:
/* */
#include <pthread.h>

int main(int argc, char** argv)
{
  (void)argv;
#ifndef pthread_create
  return ((int*)(&pthread_create))[argc];
#else
  (void)argc;
  return 0;
#endif
}

Determining if the function pthread_create exists in the pthreads failed with the following output:
Change Dir: /home/sig972/OS/a6/build/CMakeFiles/CMakeTmp

Run Build Command:"/usr/bin/gmake" "cmTC_44a4f/fast"
/usr/bin/gmake -f CMakeFiles/cmTC_44a4f.dir/build.make CMakeFiles/cmTC_44a4f.dir/build
gmake[1]: Entering directory `/home/sig972/OS/a6/build/CMakeFiles/CMakeTmp'
Building C object CMakeFiles/cmTC_44a4f.dir/CheckFunctionExists.c.o
/usr/bin/cc   -DCHECK_FUNCTION_EXISTS=pthread_create   -o CMakeFiles/cmTC_44a4f.dir/CheckFunctionExists.c.o   -c /usr/share/cmake3/Modules/CheckFunctionExists.c
Linking C executable cmTC_44a4f
/usr/bin/cmake3 -E cmake_link_script CMakeFiles/cmTC_44a4f.dir/link.txt --verbose=1
/usr/bin/cc  -DCHECK_FUNCTION_EXISTS=pthread_create    -rdynamic CMakeFiles/cmTC_44a4f.dir/CheckFunctionExists.c.o  -o cmTC_44a4f -lpthreads 
/usr/bin/ld: cannot find -lpthreads
collect2: error: ld returned 1 exit status
gmake[1]: *** [cmTC_44a4f] Error 1
gmake[1]: Leaving directory `/home/sig972/OS/a6/build/CMakeFiles/CMakeTmp'
gmake: *** [cmTC_44a4f/fast] Error 2


